<?xml version="1.0" encoding="UTF-8"?>
<!-- Generated by org.testng.reporters.JUnitXMLReporter -->
<testsuite ignored="2" hostname="38f9d3a5bc17" failures="1" tests="2" name="Command line test" time="8.068" errors="0" timestamp="10 Sep 2019 19:00:05 GMT">
  <testcase classname="com.app.test.ios.IosSmokeTest" name="logIn" time="8.056"/>
  <testcase classname="com.app.test.android.AndroidSmokeTest" name="logInAndroid" time="0.001">
    <failure type="java.lang.NullPointerException">
      <![CDATA[java.lang.NullPointerException
at com.app.test.android.AndroidSmokeTest.logInAndroid(AndroidSmokeTest.java:12)
... Removed 35 stack frames]]>
    </failure>
  </testcase> <!-- logInAndroid -->
  <testcase classname="com.app.test.BaseTest" name="@BeforeSuite beforeSuite" time="0.0">
    <ignored/>
  </testcase> <!-- @BeforeSuite beforeSuite -->
  <testcase classname="com.app.test.BaseTest" name="@BeforeSuite beforeSuite" time="0.0">
    <ignored/>
  </testcase> <!-- @BeforeSuite beforeSuite -->
</testsuite> <!-- Command line test -->
