<?xml version="1.0" encoding="UTF-8" ?>
<testsuite tests="2" failures="1" name="TestSuite" time="8.06" errors="0" skipped="0">
  <properties>
[...]
</properties>
  <testcase classname="com.app.test.ios.IosSmokeTest" name="logIn" time="8.059"/>
  <testcase classname="com.app.test.android.AndroidSmokeTest" name="logInAndroid" time="0.001">
    <failure type="java.lang.NullPointerException">java.lang.NullPointerException
	at com.app.test.android.AndroidSmokeTest.logInAndroid(AndroidSmokeTest.java:12)
</failure>
  </testcase>
</testsuite>